\BOOKMARK [1][-]{section.1}{\376\377\000T\000h\000e\000\040\000T\000o\000w\000e\000r\000\040\000O\000f\000\040\000D\000e\000m\000o\000n\000\264\000s}{}% 1
\BOOKMARK [1][-]{section.2}{\376\377\000D\000e\000s\000c\000r\000i\000p\000c\000i\000\363\000n\000\040\000G\000e\000n\000e\000r\000a\000l\000\040\000d\000e\000l\000\040\000J\000u\000e\000g\000o}{}% 2
\BOOKMARK [1][-]{section.3}{\376\377\000E\000x\000p\000e\000r\000i\000e\000n\000c\000i\000a\000\040\000a\000\040\000T\000r\000a\000n\000s\000m\000i\000t\000i\000r}{}% 3
\BOOKMARK [2][-]{subsection.3.1}{\376\377\000O\000b\000j\000e\000t\000i\000v\000o\000s}{section.3}% 4
\BOOKMARK [1][-]{section.4}{\376\377\000M\000e\000c\000\341\000n\000i\000c\000a\000s\000\040\000y\000\040\000R\000e\000c\000u\000r\000s\000o\000s}{}% 5
\BOOKMARK [2][-]{subsection.4.1}{\376\377\000R\000e\000c\000u\000r\000s\000o\000s\000\040\000d\000e\000l\000\040\000J\000u\000e\000g\000o}{section.4}% 6
\BOOKMARK [1][-]{section.5}{\376\377\000R\000e\000g\000l\000a\000s\000\040\000d\000e\000l\000\040\000S\000i\000s\000t\000e\000m\000a}{}% 7
\BOOKMARK [2][-]{subsection.5.1}{\376\377\000R\000e\000g\000l\000a\000s\000\040\000d\000e\000l\000\040\000p\000i\000s\000o}{section.5}% 8
\BOOKMARK [2][-]{subsection.5.2}{\376\377\000R\000e\000g\000l\000a\000s\000\040\000d\000e\000l\000\040\000c\000o\000m\000b\000a\000t\000e}{section.5}% 9
\BOOKMARK [2][-]{subsection.5.3}{\376\377\000R\000e\000g\000l\000a\000s\000\040\000d\000e\000\040\000l\000a\000s\000\040\000a\000r\000m\000a\000s}{section.5}% 10
\BOOKMARK [2][-]{subsection.5.4}{\376\377\000R\000e\000g\000l\000a\000s\000\040\000d\000e\000\040\000c\000l\000a\000s\000e\000s}{section.5}% 11
\BOOKMARK [2][-]{subsection.5.5}{\376\377\000R\000e\000g\000l\000a\000s\000\040\000d\000e\000\040\000p\000o\000s\000i\000c\000i\000o\000n}{section.5}% 12
\BOOKMARK [2][-]{subsection.5.6}{\376\377\000R\000e\000g\000l\000a\000s\000\040\000d\000e\000\040\000l\000o\000s\000\040\000s\000t\000a\000t\000s}{section.5}% 13
\BOOKMARK [2][-]{subsection.5.7}{\376\377\000R\000e\000g\000l\000a\000s\000\040\000d\000e\000\040\000l\000a\000\040\000f\000u\000e\000n\000t\000e}{section.5}% 14
\BOOKMARK [2][-]{subsection.5.8}{\376\377\000R\000e\000g\000l\000a\000s\000\040\000g\000e\000n\000e\000r\000a\000l\000e\000s}{section.5}% 15
\BOOKMARK [1][-]{section.6}{\376\377\000P\000e\000r\000s\000o\000n\000a\000j\000e\000s\000\040\000y\000\040\000E\000n\000e\000m\000i\000g\000o\000s}{}% 16
\BOOKMARK [2][-]{subsection.6.1}{\376\377\000H\000\351\000r\000o\000e\000s}{section.6}% 17
\BOOKMARK [2][-]{subsection.6.2}{\376\377\000P\000e\000r\000s\000o\000n\000a\000j\000e\000s\000\040\000E\000n\000e\000m\000i\000g\000o\000s}{section.6}% 18
\BOOKMARK [2][-]{subsection.6.3}{\376\377\000P\000e\000r\000s\000o\000n\000a\000j\000e\000s\000\040\000E\000n\000e\000m\000i\000g\000o\000s}{section.6}% 19
\BOOKMARK [1][-]{section.7}{\376\377\000P\000r\000o\000c\000e\000d\000i\000m\000i\000e\000n\000t\000o\000s\000\040\000y\000\040\000L\000\355\000m\000i\000t\000e\000s}{}% 20
\BOOKMARK [2][-]{subsection.7.1}{\376\377\000P\000r\000o\000c\000e\000d\000i\000m\000i\000e\000n\000t\000o\000s}{section.7}% 21
\BOOKMARK [2][-]{subsection.7.2}{\376\377\000L\000\355\000m\000i\000t\000e\000s}{section.7}% 22
\BOOKMARK [1][-]{section.8}{\376\377\000C\000o\000n\000f\000l\000i\000c\000t\000o\000\040\000y\000\040\000R\000e\000s\000u\000l\000t\000a\000d\000o\000s}{}% 23
\BOOKMARK [2][-]{subsection.8.1}{\376\377\000C\000o\000n\000f\000l\000i\000c\000t\000o\000s}{section.8}% 24
\BOOKMARK [2][-]{subsection.8.2}{\376\377\000R\000e\000s\000u\000l\000t\000a\000d\000o\000s}{section.8}% 25
\BOOKMARK [1][-]{section.9}{\376\377\000N\000a\000r\000r\000a\000t\000i\000v\000a}{}% 26
\BOOKMARK [1][-]{section.10}{\376\377\000P\000r\000u\000e\000b\000a\000s\000\040\000c\000o\000n\000\040\000u\000s\000u\000a\000r\000i\000o\000s}{}% 27
\BOOKMARK [2][-]{subsection.10.1}{\376\377\000U\000s\000u\000a\000r\000i\000o\000\040\0001\000:\000\040\000O\000s\000c\000a\000r\000\040\000T\000a\000p\000i\000a\000\040\000S\000a\000n\000c\000h\000e\000z}{section.10}% 28
\BOOKMARK [3][-]{subsubsection.10.1.1}{\376\377\000D\000e\000s\000c\000r\000i\000p\000c\000i\000o\000n\000\040\000d\000e\000\040\000p\000r\000u\000e\000b\000a}{subsection.10.1}% 29
\BOOKMARK [3][-]{subsubsection.10.1.2}{\376\377\000C\000u\000e\000s\000t\000i\000o\000n\000a\000r\000i\000o}{subsection.10.1}% 30
\BOOKMARK [2][-]{subsection.10.2}{\376\377\000U\000s\000u\000a\000r\000i\000o\000\040\0002\000:\000\040\000J\000o\000s\000h\000u\000a\000\040\000J\000u\000a\000r\000e\000z\000\040\000C\000r\000u\000z}{section.10}% 31
\BOOKMARK [3][-]{subsubsection.10.2.1}{\376\377\000D\000e\000s\000c\000r\000i\000p\000c\000i\000o\000n\000\040\000d\000e\000\040\000p\000r\000u\000e\000b\000a}{subsection.10.2}% 32
\BOOKMARK [3][-]{subsubsection.10.2.2}{\376\377\000C\000u\000e\000s\000t\000i\000o\000n\000a\000r\000i\000o}{subsection.10.2}% 33
\BOOKMARK [2][-]{subsection.10.3}{\376\377\000U\000s\000u\000a\000r\000i\000o\000\040\0003\000:\000\040\000J\000e\000s\000s\000i\000c\000a\000\040\000M\000a\000y\000r\000i\000n\000\040\000G\000a\000r\000c\000i\000a\000\040\000L\000o\000p\000e\000z}{section.10}% 34
\BOOKMARK [3][-]{subsubsection.10.3.1}{\376\377\000D\000e\000s\000c\000r\000i\000p\000c\000i\000o\000n\000\040\000d\000e\000\040\000p\000r\000u\000e\000b\000a}{subsection.10.3}% 35
\BOOKMARK [3][-]{subsubsection.10.3.2}{\376\377\000C\000u\000e\000s\000t\000i\000o\000n\000a\000r\000i\000o}{subsection.10.3}% 36
\BOOKMARK [2][-]{subsection.10.4}{\376\377\000U\000s\000u\000a\000r\000i\000o\000\040\0004\000:\000\040\000J\000o\000s\000e\000\040\000L\000u\000i\000s\000\040\000F\000l\000o\000r\000e\000s\000\040\000G\000u\000t\000i\000e\000r\000r\000e\000z}{section.10}% 37
\BOOKMARK [3][-]{subsubsection.10.4.1}{\376\377\000D\000e\000s\000c\000r\000i\000p\000c\000i\000o\000n\000\040\000d\000e\000\040\000p\000r\000u\000e\000b\000a}{subsection.10.4}% 38
\BOOKMARK [3][-]{subsubsection.10.4.2}{\376\377\000C\000u\000e\000s\000t\000i\000o\000n\000a\000r\000i\000o}{subsection.10.4}% 39
\BOOKMARK [2][-]{subsection.10.5}{\376\377\000U\000s\000u\000a\000r\000i\000o\000\040\0005\000:\000\040\000J\000e\000s\000u\000s\000\040\000E\000l\000i\000a\000s\000\040\000V\000a\000z\000q\000u\000e\000z\000\040\000R\000e\000y\000e\000s}{section.10}% 40
\BOOKMARK [3][-]{subsubsection.10.5.1}{\376\377\000D\000e\000s\000c\000r\000i\000p\000c\000i\000o\000n\000\040\000d\000e\000\040\000p\000r\000u\000e\000b\000a}{subsection.10.5}% 41
\BOOKMARK [3][-]{subsubsection.10.5.2}{\376\377\000C\000u\000e\000s\000t\000i\000o\000n\000a\000r\000i\000o}{subsection.10.5}% 42
\BOOKMARK [2][-]{subsection.10.6}{\376\377\000H\000a\000l\000l\000a\000g\000o\000s}{section.10}% 43
\BOOKMARK [2][-]{subsection.10.7}{\376\377\000L\000i\000s\000t\000a\000\040\000d\000e\000\040\000C\000a\000m\000b\000i\000o\000s\000\040\000I\000m\000p\000l\000e\000m\000e\000n\000t\000a\000d\000o\000s\000\040\000e\000n\000\040\000e\000l\000\040\000P\000r\000o\000t\000o\000t\000i\000p\000o}{section.10}% 44
